phecda_client/android_project/channel/build/outputs/logs/manifest-merger-release-report.txt
-- Merging decision tree log ---
manifest
ADDED from channel\com.casino.brl\AndroidManifest.xml:2:1-60:12
INJECTED from channel\com.casino.brl\AndroidManifest.xml:2:1-60:12
INJECTED from channel\com.casino.brl\AndroidManifest.xml:2:1-60:12
INJECTED from channel\com.casino.brl\AndroidManifest.xml:2:1-60:12
MERGED from [easy-protector-release-1.1.2.aar] AndroidManifest.xml:2:1-11:12
MERGED from [:libservice] AndroidManifest.xml:2:1-11:12
MERGED from [:libcocos] AndroidManifest.xml:2:1-13:12
MERGED from [com.facebook.android:facebook-login:18.0.3] AndroidManifest.xml:9:1-17:12
MERGED from [com.facebook.android:facebook-common:18.0.3] AndroidManifest.xml:9:1-42:12
MERGED from [com.facebook.android:facebook-core:18.0.3] AndroidManifest.xml:9:1-53:12
MERGED from [com.android.installreferrer:installreferrer:2.2] AndroidManifest.xml:2:1-13:12
MERGED from [com.google.android.gms:play-services-ads-identifier:17.0.1] AndroidManifest.xml:17:1-24:12
MERGED from [com.appsflyer:af-android-sdk:6.13.1] AndroidManifest.xml:2:1-30:12
MERGED from [com.tencent.bugly:crashreport:4.1.9.3] AndroidManifest.xml:2:1-11:12
MERGED from [com.google.android.gms:play-services-basement:17.0.0] AndroidManifest.xml:17:1-28:12
MERGED from [com.facebook.android:facebook-bolts:18.0.3] AndroidManifest.xml:9:1-17:12
MERGED from [androidx.core:core-ktx:1.3.2] AndroidManifest.xml:2:1-9:12
MERGED from [androidx.appcompat:appcompat:1.1.0] AndroidManifest.xml:17:1-24:12
MERGED from [androidx.appcompat:appcompat-resources:1.1.0] AndroidManifest.xml:17:1-24:12
MERGED from [androidx.legacy:legacy-support-v4:1.0.0] AndroidManifest.xml:17:1-22:12
MERGED from [androidx.fragment:fragment:1.3.0] AndroidManifest.xml:17:1-24:12
MERGED from [androidx.browser:browser:1.0.0] AndroidManifest.xml:17:1-22:12
MERGED from [androidx.activity:activity:1.2.0] AndroidManifest.xml:17:1-24:12
MERGED from [androidx.vectordrawable:vectordrawable-animated:1.1.0] AndroidManifest.xml:17:1-24:12
MERGED from [androidx.vectordrawable:vectordrawable:1.1.0] AndroidManifest.xml:17:1-24:12
MERGED from [androidx.legacy:legacy-support-core-ui:1.0.0] AndroidManifest.xml:17:1-22:12
MERGED from [androidx.drawerlayout:drawerlayout:1.0.0] AndroidManifest.xml:17:1-22:12
MERGED from [androidx.legacy:legacy-support-core-utils:1.0.0] AndroidManifest.xml:17:1-22:12
MERGED from [androidx.viewpager:viewpager:1.0.0] AndroidManifest.xml:17:1-22:12
MERGED from [androidx.coordinatorlayout:coordinatorlayout:1.0.0] AndroidManifest.xml:17:1-22:12
MERGED from [androidx.slidingpanelayout:slidingpanelayout:1.0.0] AndroidManifest.xml:17:1-22:12
MERGED from [androidx.customview:customview:1.0.0] AndroidManifest.xml:17:1-22:12
MERGED from [androidx.loader:loader:1.0.0] AndroidManifest.xml:17:1-22:12
MERGED from [androidx.media:media:1.0.0] AndroidManifest.xml:17:1-22:12
MERGED from [androidx.swiperefreshlayout:swiperefreshlayout:1.0.0] AndroidManifest.xml:17:1-22:12
MERGED from [androidx.asynclayoutinflater:asynclayoutinflater:1.0.0] AndroidManifest.xml:17:1-22:12
MERGED from [androidx.core:core:1.3.2] AndroidManifest.xml:17:1-26:12
MERGED from [androidx.versionedparcelable:versionedparcelable:1.1.0] AndroidManifest.xml:17:1-27:12
MERGED from [androidx.cursoradapter:cursoradapter:1.0.0] AndroidManifest.xml:17:1-22:12
MERGED from [androidx.cardview:cardview:1.0.0] AndroidManifest.xml:17:1-22:12
MERGED from [androidx.documentfile:documentfile:1.0.0] AndroidManifest.xml:17:1-22:12
MERGED from [androidx.localbroadcastmanager:localbroadcastmanager:1.0.0] AndroidManifest.xml:17:1-22:12
MERGED from [androidx.print:print:1.0.0] AndroidManifest.xml:17:1-22:12
MERGED from [androidx.lifecycle:lifecycle-viewmodel-savedstate:2.3.0] AndroidManifest.xml:17:1-24:12
MERGED from [androidx.lifecycle:lifecycle-viewmodel:2.3.0] AndroidManifest.xml:17:1-24:12
MERGED from [androidx.savedstate:savedstate:1.1.0] AndroidManifest.xml:17:1-24:12
MERGED from [androidx.interpolator:interpolator:1.0.0] AndroidManifest.xml:17:1-22:12
MERGED from [androidx.lifecycle:lifecycle-runtime:2.3.0] AndroidManifest.xml:17:1-24:12
MERGED from [androidx.tracing:tracing:1.0.0] AndroidManifest.xml:17:1-24:12
MERGED from [androidx.lifecycle:lifecycle-livedata:2.0.0] AndroidManifest.xml:17:1-22:12
MERGED from [androidx.lifecycle:lifecycle-livedata-core:2.3.0] AndroidManifest.xml:17:1-24:12
MERGED from [androidx.arch.core:core-runtime:2.1.0] AndroidManifest.xml:17:1-24:12
MERGED from [androidx.annotation:annotation-experimental:1.0.0] AndroidManifest.xml:17:1-24:12
INJECTED from channel\com.casino.brl\AndroidManifest.xml:2:1-60:12
INJECTED from channel\com.casino.brl\AndroidManifest.xml:2:1-60:12
INJECTED from channel\com.casino.brl\AndroidManifest.xml:2:1-60:12
	package
		ADDED from channel\com.casino.brl\AndroidManifest.xml:3:5-29
		INJECTED from channel\com.casino.brl\AndroidManifest.xml
		INJECTED from channel\com.casino.brl\AndroidManifest.xml
	android:versionName
		INJECTED from channel\com.casino.brl\AndroidManifest.xml
		ADDED from channel\com.casino.brl\AndroidManifest.xml:2:1-60:12
		INJECTED from channel\com.casino.brl\AndroidManifest.xml
	android:keepScreenOn
		ADDED from channel\com.casino.brl\AndroidManifest.xml:4:5-32
	android:versionCode
		INJECTED from channel\com.casino.brl\AndroidManifest.xml
		ADDED from channel\com.casino.brl\AndroidManifest.xml:2:1-60:12
		INJECTED from channel\com.casino.brl\AndroidManifest.xml
	xmlns:android
		ADDED from channel\com.casino.brl\AndroidManifest.xml:2:11-69
	android:installLocation
		ADDED from channel\com.casino.brl\AndroidManifest.xml:5:5-43
queries
ADDED from channel\com.casino.brl\AndroidManifest.xml:7:5-104
MERGED from [com.facebook.android:facebook-common:18.0.3] AndroidManifest.xml:15:5-17:15
MERGED from [com.facebook.android:facebook-common:18.0.3] AndroidManifest.xml:15:5-17:15
MERGED from [com.appsflyer:af-android-sdk:6.13.1] AndroidManifest.xml:11:5-15:15
MERGED from [com.appsflyer:af-android-sdk:6.13.1] AndroidManifest.xml:11:5-15:15
MERGED from [com.appsflyer:af-android-sdk:6.13.1] AndroidManifest.xml:16:5-18:15
MERGED from [com.appsflyer:af-android-sdk:6.13.1] AndroidManifest.xml:16:5-18:15
MERGED from [com.appsflyer:af-android-sdk:6.13.1] AndroidManifest.xml:19:5-21:15
MERGED from [com.appsflyer:af-android-sdk:6.13.1] AndroidManifest.xml:19:5-21:15
provider
ADDED from channel\com.casino.brl\AndroidManifest.xml:7:14-94
	android:authorities
		ADDED from channel\com.casino.brl\AndroidManifest.xml:7:24-91
uses-permission#android.permission.INTERNET
ADDED from channel\com.casino.brl\AndroidManifest.xml:8:5-66
MERGED from [com.appsflyer:af-android-sdk:6.13.1] AndroidManifest.xml:24:5-67
MERGED from [com.appsflyer:af-android-sdk:6.13.1] AndroidManifest.xml:24:5-67
	android:name
		ADDED from channel\com.casino.brl\AndroidManifest.xml:8:22-64
uses-permission#android.permission.ACCESS_NETWORK_STATE
ADDED from channel\com.casino.brl\AndroidManifest.xml:9:5-78
MERGED from [:libcocos] AndroidManifest.xml:11:5-79
MERGED from [:libcocos] AndroidManifest.xml:11:5-79
MERGED from [com.appsflyer:af-android-sdk:6.13.1] AndroidManifest.xml:25:5-79
MERGED from [com.appsflyer:af-android-sdk:6.13.1] AndroidManifest.xml:25:5-79
	android:name
		ADDED from channel\com.casino.brl\AndroidManifest.xml:9:22-76
uses-permission#android.permission.ACCESS_WIFI_STATE
ADDED from channel\com.casino.brl\AndroidManifest.xml:10:5-75
	android:name
		ADDED from channel\com.casino.brl\AndroidManifest.xml:10:22-73
uses-permission#android.permission.READ_EXTERNAL_STORAGE
ADDED from channel\com.casino.brl\AndroidManifest.xml:11:5-80
	android:name
		ADDED from channel\com.casino.brl\AndroidManifest.xml:11:22-77
uses-permission#android.permission.WRITE_EXTERNAL_STORAGE
ADDED from channel\com.casino.brl\AndroidManifest.xml:12:5-81
	android:name
		ADDED from channel\com.casino.brl\AndroidManifest.xml:12:22-78
uses-permission#android.permission.WAKE_LOCK
ADDED from channel\com.casino.brl\AndroidManifest.xml:13:5-68
	android:name
		ADDED from channel\com.casino.brl\AndroidManifest.xml:13:22-65
uses-permission#com.google.android.gms.permission.AD_ID
ADDED from channel\com.casino.brl\AndroidManifest.xml:14:5-78
MERGED from [com.facebook.android:facebook-core:18.0.3] AndroidManifest.xml:14:5-79
MERGED from [com.facebook.android:facebook-core:18.0.3] AndroidManifest.xml:14:5-79
MERGED from [com.appsflyer:af-android-sdk:6.13.1] AndroidManifest.xml:26:5-79
MERGED from [com.appsflyer:af-android-sdk:6.13.1] AndroidManifest.xml:26:5-79
	android:name
		ADDED from channel\com.casino.brl\AndroidManifest.xml:14:22-76
application
ADDED from channel\com.casino.brl\AndroidManifest.xml:16:5-58:19
MERGED from [com.facebook.android:facebook-login:18.0.3] AndroidManifest.xml:14:5-15:19
MERGED from [com.facebook.android:facebook-login:18.0.3] AndroidManifest.xml:14:5-15:19
MERGED from [com.facebook.android:facebook-common:18.0.3] AndroidManifest.xml:19:5-40:19
MERGED from [com.facebook.android:facebook-common:18.0.3] AndroidManifest.xml:19:5-40:19
MERGED from [com.facebook.android:facebook-core:18.0.3] AndroidManifest.xml:21:5-51:19
MERGED from [com.facebook.android:facebook-core:18.0.3] AndroidManifest.xml:21:5-51:19
MERGED from [com.android.installreferrer:installreferrer:2.2] AndroidManifest.xml:11:5-20
MERGED from [com.android.installreferrer:installreferrer:2.2] AndroidManifest.xml:11:5-20
MERGED from [com.google.android.gms:play-services-ads-identifier:17.0.1] AndroidManifest.xml:22:5-20
MERGED from [com.google.android.gms:play-services-ads-identifier:17.0.1] AndroidManifest.xml:22:5-20
MERGED from [com.appsflyer:af-android-sdk:6.13.1] AndroidManifest.xml:28:5-76
MERGED from [com.appsflyer:af-android-sdk:6.13.1] AndroidManifest.xml:28:5-76
MERGED from [com.google.android.gms:play-services-basement:17.0.0] AndroidManifest.xml:22:5-26:19
MERGED from [com.google.android.gms:play-services-basement:17.0.0] AndroidManifest.xml:22:5-26:19
MERGED from [com.facebook.android:facebook-bolts:18.0.3] AndroidManifest.xml:14:5-15:19
MERGED from [com.facebook.android:facebook-bolts:18.0.3] AndroidManifest.xml:14:5-15:19
MERGED from [androidx.core:core:1.3.2] AndroidManifest.xml:24:5-89
MERGED from [androidx.core:core:1.3.2] AndroidManifest.xml:24:5-89
MERGED from [androidx.versionedparcelable:versionedparcelable:1.1.0] AndroidManifest.xml:24:5-25:19
MERGED from [androidx.versionedparcelable:versionedparcelable:1.1.0] AndroidManifest.xml:24:5-25:19
	android:appComponentFactory
		ADDED from [androidx.core:core:1.3.2] AndroidManifest.xml:24:18-86
	android:supportsRtl
		ADDED from [com.facebook.android:facebook-login:18.0.3] AndroidManifest.xml:14:18-44
	android:label
		ADDED from channel\com.casino.brl\AndroidManifest.xml:18:9-41
	android:fullBackupContent
		ADDED from [com.appsflyer:af-android-sdk:6.13.1] AndroidManifest.xml:28:18-73
	android:icon
		ADDED from channel\com.casino.brl\AndroidManifest.xml:20:9-43
	android:allowBackup
		ADDED from channel\com.casino.brl\AndroidManifest.xml:17:9-35
	android:usesCleartextTraffic
		ADDED from channel\com.casino.brl\AndroidManifest.xml:19:9-44
meta-data#android.app.lib_name
ADDED from channel\com.casino.brl\AndroidManifest.xml:23:9-80
	android:value
		ADDED from channel\com.casino.brl\AndroidManifest.xml:23:56-77
	android:name
		ADDED from channel\com.casino.brl\AndroidManifest.xml:23:20-55
meta-data#CHANNEL_NAME
ADDED from channel\com.casino.brl\AndroidManifest.xml:24:9-72
	android:value
		ADDED from channel\com.casino.brl\AndroidManifest.xml:24:48-69
	android:name
		ADDED from channel\com.casino.brl\AndroidManifest.xml:24:20-47
meta-data#com.facebook.sdk.ApplicationId
ADDED from channel\com.casino.brl\AndroidManifest.xml:25:9-107
	android:value
		ADDED from channel\com.casino.brl\AndroidManifest.xml:25:66-105
	android:name
		ADDED from channel\com.casino.brl\AndroidManifest.xml:25:20-65
meta-data#com.facebook.sdk.ClientToken
ADDED from channel\com.casino.brl\AndroidManifest.xml:26:9-111
	android:value
		ADDED from channel\com.casino.brl\AndroidManifest.xml:26:64-109
	android:name
		ADDED from channel\com.casino.brl\AndroidManifest.xml:26:20-63
meta-data#Line_Channel
ADDED from channel\com.casino.brl\AndroidManifest.xml:27:9-86
	android:value
		ADDED from channel\com.casino.brl\AndroidManifest.xml:27:48-84
	android:name
		ADDED from channel\com.casino.brl\AndroidManifest.xml:27:20-47
activity#com.cocos.game.AppActivity
ADDED from channel\com.casino.brl\AndroidManifest.xml:29:9-41:20
	android:screenOrientation
		ADDED from channel\com.casino.brl\AndroidManifest.xml:31:13-55
	android:label
		ADDED from channel\com.casino.brl\AndroidManifest.xml:33:13-45
	android:launchMode
		ADDED from channel\com.casino.brl\AndroidManifest.xml:35:13-44
	android:exported
		ADDED from channel\com.casino.brl\AndroidManifest.xml:36:13-36
	android:configChanges
		ADDED from channel\com.casino.brl\AndroidManifest.xml:32:13-87
	android:theme
		ADDED from channel\com.casino.brl\AndroidManifest.xml:34:13-71
	android:name
		ADDED from channel\com.casino.brl\AndroidManifest.xml:30:13-54
intent-filter#action:name:android.intent.action.MAIN+category:name:android.intent.category.LAUNCHER
ADDED from channel\com.casino.brl\AndroidManifest.xml:37:13-40:29
action#android.intent.action.MAIN
ADDED from channel\com.casino.brl\AndroidManifest.xml:38:17-69
	android:name
		ADDED from channel\com.casino.brl\AndroidManifest.xml:38:25-66
category#android.intent.category.LAUNCHER
ADDED from channel\com.casino.brl\AndroidManifest.xml:39:17-77
	android:name
		ADDED from channel\com.casino.brl\AndroidManifest.xml:39:27-74
activity#com.cocos.lib.CocosEditBoxActivity
ADDED from channel\com.casino.brl\AndroidManifest.xml:42:9-46:86
	android:screenOrientation
		ADDED from channel\com.casino.brl\AndroidManifest.xml:45:13-47
	android:configChanges
		ADDED from channel\com.casino.brl\AndroidManifest.xml:44:13-87
	android:theme
		ADDED from channel\com.casino.brl\AndroidManifest.xml:46:13-83
	android:name
		ADDED from channel\com.casino.brl\AndroidManifest.xml:43:13-62
receiver#com.adjust.sdk.AdjustReferrerReceiver
ADDED from channel\com.casino.brl\AndroidManifest.xml:50:9-57:20
	android:exported
		ADDED from channel\com.casino.brl\AndroidManifest.xml:53:13-36
	android:permission
		ADDED from channel\com.casino.brl\AndroidManifest.xml:52:13-69
	android:name
		ADDED from channel\com.casino.brl\AndroidManifest.xml:51:13-65
intent-filter#action:name:com.android.vending.INSTALL_REFERRER
ADDED from channel\com.casino.brl\AndroidManifest.xml:54:13-56:29
action#com.android.vending.INSTALL_REFERRER
ADDED from channel\com.casino.brl\AndroidManifest.xml:55:17-79
	android:name
		ADDED from channel\com.casino.brl\AndroidManifest.xml:55:25-76
uses-sdk
INJECTED from channel\com.casino.brl\AndroidManifest.xml reason: use-sdk injection requested
INJECTED from channel\com.casino.brl\AndroidManifest.xml
INJECTED from channel\com.casino.brl\AndroidManifest.xml
MERGED from [easy-protector-release-1.1.2.aar] AndroidManifest.xml:7:5-9:41
MERGED from [easy-protector-release-1.1.2.aar] AndroidManifest.xml:7:5-9:41
MERGED from [:libservice] AndroidManifest.xml:7:5-9:41
MERGED from [:libservice] AndroidManifest.xml:7:5-9:41
MERGED from [:libcocos] AndroidManifest.xml:7:5-9:41
MERGED from [:libcocos] AndroidManifest.xml:7:5-9:41
MERGED from [com.facebook.android:facebook-login:18.0.3] AndroidManifest.xml:12:5-44
MERGED from [com.facebook.android:facebook-login:18.0.3] AndroidManifest.xml:12:5-44
MERGED from [com.facebook.android:facebook-common:18.0.3] AndroidManifest.xml:13:5-44
MERGED from [com.facebook.android:facebook-common:18.0.3] AndroidManifest.xml:13:5-44
MERGED from [com.facebook.android:facebook-core:18.0.3] AndroidManifest.xml:12:5-44
MERGED from [com.facebook.android:facebook-core:18.0.3] AndroidManifest.xml:12:5-44
MERGED from [com.android.installreferrer:installreferrer:2.2] AndroidManifest.xml:5:5-7:41
MERGED from [com.android.installreferrer:installreferrer:2.2] AndroidManifest.xml:5:5-7:41
MERGED from [com.google.android.gms:play-services-ads-identifier:17.0.1] AndroidManifest.xml:20:5-44
MERGED from [com.google.android.gms:play-services-ads-identifier:17.0.1] AndroidManifest.xml:20:5-44
MERGED from [com.appsflyer:af-android-sdk:6.13.1] AndroidManifest.xml:6:5-9:98
MERGED from [com.appsflyer:af-android-sdk:6.13.1] AndroidManifest.xml:6:5-9:98
MERGED from [com.tencent.bugly:crashreport:4.1.9.3] AndroidManifest.xml:7:5-9:41
MERGED from [com.tencent.bugly:crashreport:4.1.9.3] AndroidManifest.xml:7:5-9:41
MERGED from [com.google.android.gms:play-services-basement:17.0.0] AndroidManifest.xml:20:5-44
MERGED from [com.google.android.gms:play-services-basement:17.0.0] AndroidManifest.xml:20:5-44
MERGED from [com.facebook.android:facebook-bolts:18.0.3] AndroidManifest.xml:12:5-44
MERGED from [com.facebook.android:facebook-bolts:18.0.3] AndroidManifest.xml:12:5-44
MERGED from [androidx.core:core-ktx:1.3.2] AndroidManifest.xml:5:5-7:41
MERGED from [androidx.core:core-ktx:1.3.2] AndroidManifest.xml:5:5-7:41
MERGED from [androidx.appcompat:appcompat:1.1.0] AndroidManifest.xml:20:5-22:41
MERGED from [androidx.appcompat:appcompat:1.1.0] AndroidManifest.xml:20:5-22:41
MERGED from [androidx.appcompat:appcompat-resources:1.1.0] AndroidManifest.xml:20:5-22:41
MERGED from [androidx.appcompat:appcompat-resources:1.1.0] AndroidManifest.xml:20:5-22:41
MERGED from [androidx.legacy:legacy-support-v4:1.0.0] AndroidManifest.xml:20:5-44
MERGED from [androidx.legacy:legacy-support-v4:1.0.0] AndroidManifest.xml:20:5-44
MERGED from [androidx.fragment:fragment:1.3.0] AndroidManifest.xml:20:5-22:41
MERGED from [androidx.fragment:fragment:1.3.0] AndroidManifest.xml:20:5-22:41
MERGED from [androidx.browser:browser:1.0.0] AndroidManifest.xml:20:5-44
MERGED from [androidx.browser:browser:1.0.0] AndroidManifest.xml:20:5-44
MERGED from [androidx.activity:activity:1.2.0] AndroidManifest.xml:20:5-22:41
MERGED from [androidx.activity:activity:1.2.0] AndroidManifest.xml:20:5-22:41
MERGED from [androidx.vectordrawable:vectordrawable-animated:1.1.0] AndroidManifest.xml:20:5-22:41
MERGED from [androidx.vectordrawable:vectordrawable-animated:1.1.0] AndroidManifest.xml:20:5-22:41
MERGED from [androidx.vectordrawable:vectordrawable:1.1.0] AndroidManifest.xml:20:5-22:41
MERGED from [androidx.vectordrawable:vectordrawable:1.1.0] AndroidManifest.xml:20:5-22:41
MERGED from [androidx.legacy:legacy-support-core-ui:1.0.0] AndroidManifest.xml:20:5-44
MERGED from [androidx.legacy:legacy-support-core-ui:1.0.0] AndroidManifest.xml:20:5-44
MERGED from [androidx.drawerlayout:drawerlayout:1.0.0] AndroidManifest.xml:20:5-44
MERGED from [androidx.drawerlayout:drawerlayout:1.0.0] AndroidManifest.xml:20:5-44
MERGED from [androidx.legacy:legacy-support-core-utils:1.0.0] AndroidManifest.xml:20:5-44
MERGED from [androidx.legacy:legacy-support-core-utils:1.0.0] AndroidManifest.xml:20:5-44
MERGED from [androidx.viewpager:viewpager:1.0.0] AndroidManifest.xml:20:5-44
MERGED from [androidx.viewpager:viewpager:1.0.0] AndroidManifest.xml:20:5-44
MERGED from [androidx.coordinatorlayout:coordinatorlayout:1.0.0] AndroidManifest.xml:20:5-44
MERGED from [androidx.coordinatorlayout:coordinatorlayout:1.0.0] AndroidManifest.xml:20:5-44
MERGED from [androidx.slidingpanelayout:slidingpanelayout:1.0.0] AndroidManifest.xml:20:5-44
MERGED from [androidx.slidingpanelayout:slidingpanelayout:1.0.0] AndroidManifest.xml:20:5-44
MERGED from [androidx.customview:customview:1.0.0] AndroidManifest.xml:20:5-44
MERGED from [androidx.customview:customview:1.0.0] AndroidManifest.xml:20:5-44
MERGED from [androidx.loader:loader:1.0.0] AndroidManifest.xml:20:5-44
MERGED from [androidx.loader:loader:1.0.0] AndroidManifest.xml:20:5-44
MERGED from [androidx.media:media:1.0.0] AndroidManifest.xml:20:5-44
MERGED from [androidx.media:media:1.0.0] AndroidManifest.xml:20:5-44
MERGED from [androidx.swiperefreshlayout:swiperefreshlayout:1.0.0] AndroidManifest.xml:20:5-44
MERGED from [androidx.swiperefreshlayout:swiperefreshlayout:1.0.0] AndroidManifest.xml:20:5-44
MERGED from [androidx.asynclayoutinflater:asynclayoutinflater:1.0.0] AndroidManifest.xml:20:5-44
MERGED from [androidx.asynclayoutinflater:asynclayoutinflater:1.0.0] AndroidManifest.xml:20:5-44
MERGED from [androidx.core:core:1.3.2] AndroidManifest.xml:20:5-22:41
MERGED from [androidx.core:core:1.3.2] AndroidManifest.xml:20:5-22:41
MERGED from [androidx.versionedparcelable:versionedparcelable:1.1.0] AndroidManifest.xml:20:5-22:41
MERGED from [androidx.versionedparcelable:versionedparcelable:1.1.0] AndroidManifest.xml:20:5-22:41
MERGED from [androidx.cursoradapter:cursoradapter:1.0.0] AndroidManifest.xml:20:5-44
MERGED from [androidx.cursoradapter:cursoradapter:1.0.0] AndroidManifest.xml:20:5-44
MERGED from [androidx.cardview:cardview:1.0.0] AndroidManifest.xml:20:5-44
MERGED from [androidx.cardview:cardview:1.0.0] AndroidManifest.xml:20:5-44
MERGED from [androidx.documentfile:documentfile:1.0.0] AndroidManifest.xml:20:5-44
MERGED from [androidx.documentfile:documentfile:1.0.0] AndroidManifest.xml:20:5-44
MERGED from [androidx.localbroadcastmanager:localbroadcastmanager:1.0.0] AndroidManifest.xml:20:5-44
MERGED from [androidx.localbroadcastmanager:localbroadcastmanager:1.0.0] AndroidManifest.xml:20:5-44
MERGED from [androidx.print:print:1.0.0] AndroidManifest.xml:20:5-44
MERGED from [androidx.print:print:1.0.0] AndroidManifest.xml:20:5-44
MERGED from [androidx.lifecycle:lifecycle-viewmodel-savedstate:2.3.0] AndroidManifest.xml:20:5-22:41
MERGED from [androidx.lifecycle:lifecycle-viewmodel-savedstate:2.3.0] AndroidManifest.xml:20:5-22:41
MERGED from [androidx.lifecycle:lifecycle-viewmodel:2.3.0] AndroidManifest.xml:20:5-22:41
MERGED from [androidx.lifecycle:lifecycle-viewmodel:2.3.0] AndroidManifest.xml:20:5-22:41
MERGED from [androidx.savedstate:savedstate:1.1.0] AndroidManifest.xml:20:5-22:41
MERGED from [androidx.savedstate:savedstate:1.1.0] AndroidManifest.xml:20:5-22:41
MERGED from [androidx.interpolator:interpolator:1.0.0] AndroidManifest.xml:20:5-44
MERGED from [androidx.interpolator:interpolator:1.0.0] AndroidManifest.xml:20:5-44
MERGED from [androidx.lifecycle:lifecycle-runtime:2.3.0] AndroidManifest.xml:20:5-22:41
MERGED from [androidx.lifecycle:lifecycle-runtime:2.3.0] AndroidManifest.xml:20:5-22:41
MERGED from [androidx.tracing:tracing:1.0.0] AndroidManifest.xml:20:5-22:41
MERGED from [androidx.tracing:tracing:1.0.0] AndroidManifest.xml:20:5-22:41
MERGED from [androidx.lifecycle:lifecycle-livedata:2.0.0] AndroidManifest.xml:20:5-44
MERGED from [androidx.lifecycle:lifecycle-livedata:2.0.0] AndroidManifest.xml:20:5-44
MERGED from [androidx.lifecycle:lifecycle-livedata-core:2.3.0] AndroidManifest.xml:20:5-22:41
MERGED from [androidx.lifecycle:lifecycle-livedata-core:2.3.0] AndroidManifest.xml:20:5-22:41
MERGED from [androidx.arch.core:core-runtime:2.1.0] AndroidManifest.xml:20:5-22:41
MERGED from [androidx.arch.core:core-runtime:2.1.0] AndroidManifest.xml:20:5-22:41
MERGED from [androidx.annotation:annotation-experimental:1.0.0] AndroidManifest.xml:20:5-22:41
MERGED from [androidx.annotation:annotation-experimental:1.0.0] AndroidManifest.xml:20:5-22:41
INJECTED from channel\com.casino.brl\AndroidManifest.xml
INJECTED from channel\com.casino.brl\AndroidManifest.xml
	tools:overrideLibrary
		ADDED from [com.appsflyer:af-android-sdk:6.13.1] AndroidManifest.xml:9:9-95
	android:targetSdkVersion
		INJECTED from channel\com.casino.brl\AndroidManifest.xml
		ADDED from channel\com.casino.brl\AndroidManifest.xml
		INJECTED from channel\com.casino.brl\AndroidManifest.xml
	android:minSdkVersion
		INJECTED from channel\com.casino.brl\AndroidManifest.xml
		ADDED from channel\com.casino.brl\AndroidManifest.xml
		INJECTED from channel\com.casino.brl\AndroidManifest.xml
package#com.facebook.katana
ADDED from [com.facebook.android:facebook-common:18.0.3] AndroidManifest.xml:16:9-55
MERGED from [com.appsflyer:af-android-sdk:6.13.1] AndroidManifest.xml:17:9-55
MERGED from [com.appsflyer:af-android-sdk:6.13.1] AndroidManifest.xml:17:9-55
	android:name
		ADDED from [com.facebook.android:facebook-common:18.0.3] AndroidManifest.xml:16:18-52
activity#com.facebook.FacebookActivity
ADDED from [com.facebook.android:facebook-common:18.0.3] AndroidManifest.xml:20:9-23:66
	android:configChanges
		ADDED from [com.facebook.android:facebook-common:18.0.3] AndroidManifest.xml:22:13-96
	android:theme
		ADDED from [com.facebook.android:facebook-common:18.0.3] AndroidManifest.xml:23:13-63
	android:name
		ADDED from [com.facebook.android:facebook-common:18.0.3] AndroidManifest.xml:21:13-57
activity#com.facebook.CustomTabMainActivity
ADDED from [com.facebook.android:facebook-common:18.0.3] AndroidManifest.xml:24:9-71
	android:name
		ADDED from [com.facebook.android:facebook-common:18.0.3] AndroidManifest.xml:24:19-68
activity#com.facebook.CustomTabActivity
ADDED from [com.facebook.android:facebook-common:18.0.3] AndroidManifest.xml:25:9-39:20
	tools:node
		ADDED from [com.facebook.android:facebook-common:18.0.3] AndroidManifest.xml:28:13-31
	android:exported
		ADDED from [com.facebook.android:facebook-common:18.0.3] AndroidManifest.xml:27:13-36
	android:name
		ADDED from [com.facebook.android:facebook-common:18.0.3] AndroidManifest.xml:26:13-58
intent-filter#action:name:android.intent.action.VIEW+category:name:android.intent.category.BROWSABLE+category:name:android.intent.category.DEFAULT+data:host:cct.${applicationId}+data:scheme:fbconnect
ADDED from [com.facebook.android:facebook-common:18.0.3] AndroidManifest.xml:29:13-38:29
intent-filter#action:name:android.intent.action.VIEW+category:name:android.intent.category.BROWSABLE+category:name:android.intent.category.DEFAULT+data:host:cct.com.g10016.brl+data:scheme:fbconnect
ADDED from [com.facebook.android:facebook-common:18.0.3] AndroidManifest.xml:29:13-38:29
action#android.intent.action.VIEW
ADDED from [com.facebook.android:facebook-common:18.0.3] AndroidManifest.xml:30:17-69
	android:name
		ADDED from [com.facebook.android:facebook-common:18.0.3] AndroidManifest.xml:30:25-66
category#android.intent.category.DEFAULT
ADDED from [com.facebook.android:facebook-common:18.0.3] AndroidManifest.xml:32:17-76
	android:name
		ADDED from [com.facebook.android:facebook-common:18.0.3] AndroidManifest.xml:32:27-73
category#android.intent.category.BROWSABLE
ADDED from [com.facebook.android:facebook-common:18.0.3] AndroidManifest.xml:33:17-78
	android:name
		ADDED from [com.facebook.android:facebook-common:18.0.3] AndroidManifest.xml:33:27-75
data
ADDED from [com.facebook.android:facebook-common:18.0.3] AndroidManifest.xml:35:17-37:50
	android:host
		ADDED from [com.facebook.android:facebook-common:18.0.3] AndroidManifest.xml:36:21-56
	android:scheme
		ADDED from [com.facebook.android:facebook-common:18.0.3] AndroidManifest.xml:37:21-47
uses-permission#android.permission.ACCESS_ADSERVICES_ATTRIBUTION
ADDED from [com.facebook.android:facebook-core:18.0.3] AndroidManifest.xml:16:5-88
MERGED from [com.appsflyer:af-android-sdk:6.13.1] AndroidManifest.xml:23:5-88
MERGED from [com.appsflyer:af-android-sdk:6.13.1] AndroidManifest.xml:23:5-88
	android:name
		ADDED from [com.facebook.android:facebook-core:18.0.3] AndroidManifest.xml:16:22-85
uses-permission#android.permission.ACCESS_ADSERVICES_AD_ID
ADDED from [com.facebook.android:facebook-core:18.0.3] AndroidManifest.xml:17:5-82
	android:name
		ADDED from [com.facebook.android:facebook-core:18.0.3] AndroidManifest.xml:17:22-79
uses-permission#android.permission.ACCESS_ADSERVICES_CUSTOM_AUDIENCE
ADDED from [com.facebook.android:facebook-core:18.0.3] AndroidManifest.xml:18:5-92
	android:name
		ADDED from [com.facebook.android:facebook-core:18.0.3] AndroidManifest.xml:18:22-89
uses-permission#android.permission.ACCESS_ADSERVICES_TOPICS
ADDED from [com.facebook.android:facebook-core:18.0.3] AndroidManifest.xml:19:5-83
	android:name
		ADDED from [com.facebook.android:facebook-core:18.0.3] AndroidManifest.xml:19:22-80
provider#com.facebook.internal.FacebookInitProvider
ADDED from [com.facebook.android:facebook-core:18.0.3] AndroidManifest.xml:32:9-35:40
	android:authorities
		ADDED from [com.facebook.android:facebook-core:18.0.3] AndroidManifest.xml:34:13-72
	android:exported
		ADDED from [com.facebook.android:facebook-core:18.0.3] AndroidManifest.xml:35:13-37
	android:name
		ADDED from [com.facebook.android:facebook-core:18.0.3] AndroidManifest.xml:33:13-70
receiver#com.facebook.CurrentAccessTokenExpirationBroadcastReceiver
ADDED from [com.facebook.android:facebook-core:18.0.3] AndroidManifest.xml:37:9-43:20
	android:exported
		ADDED from [com.facebook.android:facebook-core:18.0.3] AndroidManifest.xml:39:13-37
	android:name
		ADDED from [com.facebook.android:facebook-core:18.0.3] AndroidManifest.xml:38:13-86
intent-filter#action:name:com.facebook.sdk.ACTION_CURRENT_ACCESS_TOKEN_CHANGED
ADDED from [com.facebook.android:facebook-core:18.0.3] AndroidManifest.xml:40:13-42:29
action#com.facebook.sdk.ACTION_CURRENT_ACCESS_TOKEN_CHANGED
ADDED from [com.facebook.android:facebook-core:18.0.3] AndroidManifest.xml:41:17-95
	android:name
		ADDED from [com.facebook.android:facebook-core:18.0.3] AndroidManifest.xml:41:25-92
receiver#com.facebook.AuthenticationTokenManager$CurrentAuthenticationTokenChangedBroadcastReceiver
ADDED from [com.facebook.android:facebook-core:18.0.3] AndroidManifest.xml:44:9-50:20
	android:exported
		ADDED from [com.facebook.android:facebook-core:18.0.3] AndroidManifest.xml:46:13-37
	android:name
		ADDED from [com.facebook.android:facebook-core:18.0.3] AndroidManifest.xml:45:13-118
intent-filter#action:name:com.facebook.sdk.ACTION_CURRENT_AUTHENTICATION_TOKEN_CHANGED
ADDED from [com.facebook.android:facebook-core:18.0.3] AndroidManifest.xml:47:13-49:29
action#com.facebook.sdk.ACTION_CURRENT_AUTHENTICATION_TOKEN_CHANGED
ADDED from [com.facebook.android:facebook-core:18.0.3] AndroidManifest.xml:48:17-103
	android:name
		ADDED from [com.facebook.android:facebook-core:18.0.3] AndroidManifest.xml:48:25-100
uses-permission#com.google.android.finsky.permission.BIND_GET_INSTALL_REFERRER_SERVICE